<?xml version="1.0" encoding="UTF-8"?>
<testng-results ignored="0" total="1" passed="1" failed="0" skipped="0">
  <reporter-output>
  </reporter-output>
  <suite started-at="2023-07-04T15:20:46 IST" name="Default suite" finished-at="2023-07-04T15:20:49 IST" duration-ms="2918">
    <groups>
    </groups>
    <test started-at="2023-07-04T15:20:46 IST" name="Default test" finished-at="2023-07-04T15:20:49 IST" duration-ms="2918">
      <class name="com.herokuapp.restfullbooker.CreateBookingTests">
        <test-method is-config="true" signature="setUp()[pri:0, instance:com.herokuapp.restfullbooker.CreateBookingTests@47eaca72]" started-at="2023-07-04T15:20:46 IST" name="setUp" finished-at="2023-07-04T15:20:46 IST" duration-ms="389" status="PASS">
          <reporter-output>
          </reporter-output>
        </test-method> <!-- setUp -->
        <test-method signature="createBookingWithPOJOTest()[pri:0, instance:com.herokuapp.restfullbooker.CreateBookingTests@47eaca72]" started-at="2023-07-04T15:20:46 IST" name="createBookingWithPOJOTest" finished-at="2023-07-04T15:20:49 IST" duration-ms="2490" status="PASS">
          <reporter-output>
          </reporter-output>
        </test-method> <!-- createBookingWithPOJOTest -->
      </class> <!-- com.herokuapp.restfullbooker.CreateBookingTests -->
    </test> <!-- Default test -->
  </suite> <!-- Default suite -->
</testng-results>
